  StarFall.cpp
C:\Users\hamza\college\StarFall\StarFall\StarFall.cpp(61,41): warning C4244: 'argument': conversion from 'T' to 'float', possible loss of data
          with
          [
              T=unsigned int
          ]
C:\Users\hamza\college\StarFall\StarFall\StarFall.cpp(85,28): warning C4244: 'initializing': conversion from 'float' to 'int', possible loss of data
C:\Users\hamza\college\StarFall\StarFall\StarFall.cpp(88,24): warning C4244: 'initializing': conversion from 'float' to 'int', possible loss of data
C:\Users\hamza\college\StarFall\StarFall\StarFall.cpp(90,21): warning C4244: 'initializing': conversion from 'float' to 'int', possible loss of data
C:\Users\hamza\college\StarFall\StarFall\StarFall.cpp(107,25): warning C4244: 'initializing': conversion from 'float' to 'int', possible loss of data
C:\Users\hamza\college\StarFall\StarFall\StarFall.cpp(195,78): warning C4244: 'argument': conversion from 'T' to 'float', possible loss of data
          with
          [
              T=unsigned int
          ]
C:\Users\hamza\college\StarFall\StarFall\StarFall.cpp(215,55): warning C4244: 'argument': conversion from 'T' to 'T', possible loss of data
          with
          [
              T=unsigned int
          ]
          and
          [
              T=float
          ]
C:\Users\hamza\college\StarFall\StarFall\StarFall.cpp(221,56): warning C4244: 'argument': conversion from 'T' to 'T', possible loss of data
          with
          [
              T=unsigned int
          ]
          and
          [
              T=float
          ]
C:\Users\hamza\college\StarFall\StarFall\StarFall.cpp(228,16): warning C4244: 'initializing': conversion from 'int' to 'float', possible loss of data
C:\Users\hamza\college\StarFall\StarFall\StarFall.cpp(229,16): warning C4244: 'initializing': conversion from 'int' to 'float', possible loss of data
C:\Users\hamza\college\StarFall\StarFall\StarFall.cpp(258,34): warning C4244: '=': conversion from 'float' to 'int', possible loss of data
C:\Users\hamza\college\StarFall\StarFall\StarFall.cpp(263,34): warning C4244: '=': conversion from 'float' to 'int', possible loss of data
C:\Users\hamza\college\StarFall\StarFall\StarFall.cpp(268,34): warning C4244: '=': conversion from 'float' to 'int', possible loss of data
C:\Users\hamza\college\StarFall\StarFall\StarFall.cpp(273,34): warning C4244: '=': conversion from 'float' to 'int', possible loss of data
C:\Users\hamza\college\StarFall\StarFall\StarFall.cpp(292,35): warning C4244: 'argument': conversion from 'int' to 'float', possible loss of data
C:\Users\hamza\college\StarFall\StarFall\StarFall.cpp(294,35): warning C4244: 'argument': conversion from 'int' to 'float', possible loss of data
C:\Users\hamza\college\StarFall\StarFall\StarFall.cpp(296,32): warning C4244: 'argument': conversion from 'int' to 'float', possible loss of data
C:\Users\hamza\college\StarFall\StarFall\StarFall.cpp(298,32): warning C4244: 'argument': conversion from 'int' to 'float', possible loss of data
C:\Users\hamza\college\StarFall\StarFall\StarFall.cpp(311,35): warning C4244: '=': conversion from 'float' to 'int', possible loss of data
C:\Users\hamza\college\StarFall\StarFall\StarFall.cpp(315,36): warning C4244: '+=': conversion from 'float' to 'int', possible loss of data
C:\Users\hamza\college\StarFall\StarFall\StarFall.cpp(369,31): warning C4244: '=': conversion from 'float' to 'int', possible loss of data
C:\Users\hamza\college\StarFall\StarFall\StarFall.cpp(373,28): warning C4244: '+=': conversion from 'float' to 'int', possible loss of data
C:\Users\hamza\college\StarFall\StarFall\StarFall.cpp(377,35): warning C4244: 'argument': conversion from 'int' to 'float', possible loss of data
C:\Users\hamza\college\StarFall\StarFall\StarFall.cpp(397,36): warning C4244: 'argument': conversion from 'int' to 'float', possible loss of data
C:\Users\hamza\college\StarFall\StarFall\StarFall.cpp(399,36): warning C4244: 'argument': conversion from 'int' to 'float', possible loss of data
C:\Users\hamza\college\StarFall\StarFall\StarFall.cpp(401,33): warning C4244: 'argument': conversion from 'int' to 'float', possible loss of data
C:\Users\hamza\college\StarFall\StarFall\StarFall.cpp(403,33): warning C4244: 'argument': conversion from 'int' to 'float', possible loss of data
C:\Users\hamza\college\StarFall\StarFall\StarFall.cpp(406,35): warning C4244: 'argument': conversion from 'int' to 'float', possible loss of data
C:\Users\hamza\college\StarFall\StarFall\StarFall.cpp(408,35): warning C4244: 'argument': conversion from 'int' to 'float', possible loss of data
C:\Users\hamza\college\StarFall\StarFall\StarFall.cpp(410,32): warning C4244: 'argument': conversion from 'int' to 'float', possible loss of data
C:\Users\hamza\college\StarFall\StarFall\StarFall.cpp(412,32): warning C4244: 'argument': conversion from 'int' to 'float', possible loss of data
C:\Users\hamza\college\StarFall\StarFall\StarFall.cpp(419,36): warning C4244: '=': conversion from 'float' to 'int', possible loss of data
C:\Users\hamza\college\StarFall\StarFall\StarFall.cpp(423,33): warning C4244: '+=': conversion from 'float' to 'int', possible loss of data
C:\Users\hamza\college\StarFall\StarFall\StarFall.cpp(427,40): warning C4244: 'argument': conversion from 'int' to 'float', possible loss of data
C:\Users\hamza\college\StarFall\StarFall\StarFall.cpp(474,85): warning C4244: 'argument': conversion from 'T' to 'float', possible loss of data
          with
          [
              T=unsigned int
          ]
C:\Users\hamza\college\StarFall\StarFall\StarFall.cpp(475,86): warning C4244: 'argument': conversion from 'T' to 'float', possible loss of data
          with
          [
              T=unsigned int
          ]
C:\Users\hamza\college\StarFall\StarFall\StarFall.cpp(500,85): warning C4244: 'argument': conversion from 'T' to 'T', possible loss of data
          with
          [
              T=int
          ]
          and
          [
              T=float
          ]
C:\Users\hamza\college\StarFall\StarFall\StarFall.cpp(500,73): warning C4244: 'argument': conversion from 'T' to 'T', possible loss of data
          with
          [
              T=int
          ]
          and
          [
              T=float
          ]
C:\Users\hamza\college\StarFall\StarFall\StarFall.cpp(520,81): warning C4244: 'argument': conversion from 'T' to 'float', possible loss of data
          with
          [
              T=unsigned int
          ]
C:\Users\hamza\college\StarFall\StarFall\StarFall.cpp(521,82): warning C4244: 'argument': conversion from 'T' to 'float', possible loss of data
          with
          [
              T=unsigned int
          ]
  StarFall.vcxproj -> C:\Users\hamza\college\StarFall\x64\Debug\StarFall.exe
